<?xml version="1.0" encoding="UTF-8"?>
<testng-results ignored="0" total="2" passed="2" failed="0" skipped="0">
  <reporter-output>
  </reporter-output>
  <suite started-at="2023-12-30T12:30:33 EST" name="Suite" finished-at="2023-12-30T12:30:34 EST" duration-ms="308">
    <groups>
    </groups>
    <test started-at="2023-12-30T12:30:33 EST" name="Test" finished-at="2023-12-30T12:30:34 EST" duration-ms="308">
      <class name="javaprogramming.SwapStringvalues">
        <test-method signature="arthematic()[pri:0, instance:javaprogramming.SwapStringvalues@bd2f5a9]" started-at="2023-12-30T12:30:33 EST" name="arthematic" finished-at="2023-12-30T12:30:34 EST" duration-ms="82" status="PASS">
          <reporter-output>
          </reporter-output>
        </test-method> <!-- arthematic -->
        <test-method signature="swapstring()[pri:0, instance:javaprogramming.SwapStringvalues@bd2f5a9]" started-at="2023-12-30T12:30:34 EST" name="swapstring" finished-at="2023-12-30T12:30:34 EST" duration-ms="3" status="PASS">
          <reporter-output>
          </reporter-output>
        </test-method> <!-- swapstring -->
      </class> <!-- javaprogramming.SwapStringvalues -->
    </test> <!-- Test -->
  </suite> <!-- Suite -->
</testng-results>
