<?xml version="1.0" encoding="UTF-8"?>
<testsuite xmlns:xsi="http://www.w3.org/2001/XMLSchema-instance" xsi:noNamespaceSchemaLocation="https://maven.apache.org/surefire/maven-surefire-plugin/xsd/surefire-test-report-3.0.xsd" version="3.0" name="TestSuite" time="1.9" tests="2" errors="0" skipped="0" failures="0">
  <properties>
[...]
</properties>
  <testcase name="arthematic" classname="javaprogramming.SwapStringvalues" time="0.215">
    <system-out><![CDATA[Inside the Try block to execute
Invalid arthemetic expression to execute
Inside the finally block to execute
]]></system-out>
    <system-err><![CDATA[SLF4J: Failed to load class "org.slf4j.impl.StaticLoggerBinder".
SLF4J: Defaulting to no-operation (NOP) logger implementation
SLF4J: See http://www.slf4j.org/codes.html#StaticLoggerBinder for further details.
]]></system-err>
  </testcase>
  <testcase name="swapstring" classname="javaprogramming.SwapStringvalues" time="0.008">
    <system-out><![CDATA[Print the sting value Bevara
Print the sting value Mohanrao
Print the sting value Bevara  Mohanrao
]]></system-out>
  </testcase>
</testsuite>